Arguments: 
  C:\Program Files\nodejs\node.exe C:\Users\JoaoPedro\AppData\Roaming\npm\node_modules\yarn\bin\yarn.js init @eslint/config

PATH: 
  C:\ProgramData\Oracle\Java\javapath;C:\Program Files\Common Files\Oracle\Java\javapath;C:\Program Files (x86)\Common Files\Oracle\Java\javapath;C:\Python39\Scripts\;C:\Python39\;C:\WINDOWS\system32;C:\WINDOWS;C:\WINDOWS\System32\Wbem;C:\WINDOWS\System32\WindowsPowerShell\v1.0\;C:\WINDOWS\System32\OpenSSH\;C:\ProgramData\chocolatey\bin;C:\xampp\php;C:\composer;C:\Program Files\Microsoft SQL Server\130\Tools\Binn\;%USERPROFILE%\AppData\Local\Yarn\bin;C:\wxwidgets\lib\vc142_x64_dll;C:\Program Files\Git\cmd;C:\Program Files\PuTTY\;C:\Program Files\TortoiseGit\bin;C:\Program Files\Microsoft VS Code\bin;C:\Users\João Pedro\AppData\Roaming\nvm;C:\Program Files\nodejs;;C:\Program Files\Docker\Docker\resources\bin;C:\Program Files\MySQL\MySQL Shell 8.0\bin\;C:\Users\JoaoPedro\AppData\Local\Microsoft\WindowsApps;C:\Users\JoaoPedro\AppData\Roaming\npm;C:\Users\JoaoPedro\AppData\Local\Programs\Microsoft VS Code\bin;C:\Program Files\MySQL\MySQL Server 8.0\bin;C:\MinGW\bin;C:\Users\JoaoPedro\AppData\Local\JetBrains\CLion 2021.1.2\bin;C:\Users\JoaoPedro\AppData\Local\hyper\app-3.0.2\resources\bin;C:\Users\JoaoPedro\AppData\Local\hyper\app-3.0.2\resources\bin;C:\Users\JoaoPedro\AppData\Roaming\Composer\vendor\bin;C:\Users\JoaoPedro\AppData\Local\Programs\Hyper\resources\bin;C:\Users\JoaoPedro\AppData\Local\Yarn\bin;C:\Users\JoaoPedro\AppData\Local\Programs\Microsoft VS Code\bin;C:\Users\JoaoPedro\AppData\Roaming\nvm;C:\Users\JoaoPedro\AppData\Local\Programs\Fiddler;C:\Program Files\vtex\bin

Yarn version: 
  1.22.17

Node version: 
  14.19.3

Platform: 
  win32 x64

Trace: 
  Error: canceled
      at Interface.<anonymous> (C:\Users\JoaoPedro\AppData\Roaming\npm\node_modules\yarn\lib\cli.js:137143:13)
      at Interface.emit (events.js:400:28)
      at Interface._ttyWrite (readline.js:1001:16)
      at ReadStream.onkeypress (readline.js:265:10)
      at ReadStream.emit (events.js:400:28)
      at emitKeys (internal/readline/utils.js:358:14)
      at emitKeys.next (<anonymous>)
      at ReadStream.onData (readline.js:1270:36)
      at ReadStream.emit (events.js:400:28)
      at addChunk (internal/streams/readable.js:293:12)

npm manifest: 
  {
    "name": "api",
    "version": "1.0.0",
    "main": "index.js",
    "license": "MIT",
    "script": {
      "build": "tsc"
    },
    "devDependencies": {
      "typescript": "^4.9.3"
    }
  }

yarn manifest: 
  No manifest

Lockfile: 
  # THIS IS AN AUTOGENERATED FILE. DO NOT EDIT THIS FILE DIRECTLY.
  # yarn lockfile v1
  
  
  typescript@^4.9.3:
    version "4.9.3"
    resolved "https://registry.yarnpkg.com/typescript/-/typescript-4.9.3.tgz#3aea307c1746b8c384435d8ac36b8a2e580d85db"
    integrity sha512-CIfGzTelbKNEnLpLdGFgdyKhG23CKdKgQPOBc+OUNrkJ2vr+KSzsSV5kq5iWhEQbok+quxgGzrAtGWCyU7tHnA==
